01:06:33 [content] Syncing content
01:06:33 [content] Synced content
01:06:33 [types] Generated 159ms
01:06:33 [check] Getting diagnostics for Astro files in /Users/hasanm025/practices/AppLass...
[96meslint.config.mjs[0m:[93m4[0m:[93m25[0m - [93mwarning[0m[90m ts(6387): [0mThe signature '(...configs: InfiniteDepthConfigWithExtends[]): ConfigArray' of 'tseslint.config' is deprecated.

[7m4[0m export default tseslint.config(
[7m [0m [93m                        ~~~~~~[0m

[96msrc/components/apps/fomogen/CoreFeatures.tsx[0m:[93m45[0m:[93m93[0m - [91merror[0m[90m ts(2339): [0mProperty 'image' does not exist on type '{ id: string; title: string; subtitle: string; description: string; iconName: string; highlight: string; imageSrc: string; } | { id: string; title: string; subtitle: string; description: string; iconName: string; highlight: string; imageSrc?: undefined; }'.
  Property 'image' does not exist on type '{ id: string; title: string; subtitle: string; description: string; iconName: string; highlight: string; imageSrc: string; }'.

[7m45[0m             const finalImageSrc = (feature as any).imageSrc || feature.image || baseFeature.image;
[7m  [0m [91m                                                                                            ~~~~~[0m
[96msrc/components/apps/fomogen/CoreFeatures.tsx[0m:[93m45[0m:[93m72[0m - [91merror[0m[90m ts(2339): [0mProperty 'image' does not exist on type 'FeatureTranslation | { id: string; title: string; subtitle: string; description: string; iconName: string; highlight: string; imageSrc: string; } | { id: string; title: string; ... 4 more ...; imageSrc?: undefined; }'.
  Property 'image' does not exist on type '{ id: string; title: string; subtitle: string; description: string; iconName: string; highlight: string; imageSrc: string; }'.

[7m45[0m             const finalImageSrc = (feature as any).imageSrc || feature.image || baseFeature.image;
[7m  [0m [91m                                                                       ~~~~~[0m

[96msrc/components/apps/fomogen/PricingSection.tsx[0m:[93m12[0m:[93m9[0m - [93mwarning[0m[90m ts(6133): [0m'data' is declared but its value is never read.

[7m12[0m   const data = translations || FOMOGEN_DATA.pricing;
[7m  [0m [93m        ~~~~[0m

[96msrc/components/common/Navbar.astro[0m:[93m151[0m:[93m9[0m - [93mwarning[0m[90m astro(4000): [0mThis script will be treated as if it has the `is:inline` directive because it contains an attribute. Therefore, features that require processing (e.g. using TypeScript or npm packages in the script) are unavailable.

See docs for more details: https://docs.astro.build/en/guides/client-side-scripts/#script-processing.

Add the `is:inline` directive explicitly to silence this hint.

[7m151[0m <script define:vars={{ isDark }}>
[7m   [0m [93m        ~~~~~~~~~~~[0m

[96msrc/components/home/ProductShowcase.tsx[0m:[93m146[0m:[93m63[0m - [91merror[0m[90m ts(2339): [0mProperty 'image' does not exist on type '{ id: string; name: string; platform: string; tagline: string; description: string; metrics: string[]; stats: { downloads: string; rating: string; reviewCount: string; batterySaved: string; engagement?: undefined; payload?: undefined; wcag?: undefined; focusSaved?: undefined; tracking?: undefined; }; ... 4 more ...;...'.
  Property 'image' does not exist on type '{ id: string; name: string; platform: string; tagline: string; description: string; metrics: string[]; stats: { downloads: string; rating: string; reviewCount: string; batterySaved: string; engagement?: undefined; payload?: undefined; wcag?: undefined; focusSaved?: undefined; tracking?: undefined; }; ... 4 more ...;...'.

[7m146[0m                     src={productImages[product.id] || product.image}
[7m   [0m [91m                                                              ~~~~~[0m
[96msrc/components/home/ProductShowcase.tsx[0m:[93m101[0m:[93m83[0m - [91merror[0m[90m ts(2339): [0mProperty 'image' does not exist on type '{ id: string; name: string; platform: string; tagline: string; description: string; metrics: string[]; stats: { downloads: string; rating: string; reviewCount: string; batterySaved: string; engagement?: undefined; payload?: undefined; wcag?: undefined; focusSaved?: undefined; tracking?: undefined; }; ... 4 more ...;...'.
  Property 'image' does not exist on type '{ id: string; name: string; platform: string; tagline: string; description: string; metrics: string[]; stats: { downloads: string; rating: string; reviewCount: string; batterySaved: string; engagement?: undefined; payload?: undefined; wcag?: undefined; focusSaved?: undefined; tracking?: undefined; }; ... 4 more ...;...'.

[7m101[0m                   src={productImages[featuredDataSource.id] || featuredDataSource.image}
[7m   [0m [91m                                                                                  ~~~~~[0m

[96msrc/components/legal/FomogenTerms.astro[0m:[93m2[0m:[93m1[0m - [93mwarning[0m[90m ts(6133): [0m'Zap' is declared but its value is never read.

[7m2[0m import { Zap } from "lucide-react";
[7m [0m [93m~~~~~~~~~~~~~~~~~~~~~~~~~~~~~~~~~~~[0m

[96msrc/components/legal/MindfulGuardPrivacy.astro[0m:[93m8[0m:[93m7[0m - [93mwarning[0m[90m ts(6133): [0m'lastUpdated' is declared but its value is never read.

[7m8[0m const { lastUpdated } = Astro.props;
[7m [0m [93m      ~~~~~~~~~~~~~~~[0m

[96msrc/page-templates/AppsPage.astro[0m:[93m10[0m:[93m1[0m - [93mwarning[0m[90m ts(6133): [0m'Button' is declared but its value is never read.

[7m10[0m import { Button } from "@/components/ui/button";
[7m  [0m [93m~~~~~~~~~~~~~~~~~~~~~~~~~~~~~~~~~~~~~~~~~~~~~~~~[0m

[96msrc/page-templates/LegalPage.astro[0m:[93m19[0m:[93m44[0m - [93mwarning[0m[90m ts(6133): [0m'appColor' is declared but its value is never read.

[7m19[0m const { lang, title, description, appName, appColor = "blue-600" } = Astro.props;
[7m  [0m [93m                                           ~~~~~~~~[0m

Result (173 files): 
- 4 errors
- 0 warnings
- 7 hints

