10:45:56 [content] Syncing content
10:45:56 [content] Synced content
10:45:56 [types] Generated 167ms
10:45:56 [check] Getting diagnostics for Astro files in /Users/hasanm025/practices/AppLass...
[96meslint.config.mjs[0m:[93m4[0m:[93m25[0m - [93mwarning[0m[90m ts(6387): [0mThe signature '(...configs: InfiniteDepthConfigWithExtends[]): ConfigArray' of 'tseslint.config' is deprecated.

[7m4[0m export default tseslint.config(
[7m [0m [93m                        ~~~~~~[0m

[96msrc/components/common/index.ts[0m:[93m5[0m:[93m29[0m - [91merror[0m[90m ts(2307): [0mCannot find module './SubpageHero' or its corresponding type declarations.

[7m5[0m export { SubpageHero } from "./SubpageHero";
[7m [0m [91m                            ~~~~~~~~~~~~~~~[0m
[96msrc/components/common/index.ts[0m:[93m2[0m:[93m24[0m - [91merror[0m[90m ts(2307): [0mCannot find module './Footer' or its corresponding type declarations.

[7m2[0m export { Footer } from "./Footer";
[7m [0m [91m                       ~~~~~~~~~~[0m

[96msrc/layouts/DocsLayout.astro[0m:[93m36[0m:[93m7[0m - [93mwarning[0m[90m ts(6133): [0m'optimizedAppLogo' is declared but its value is never read.

[7m36[0m const optimizedAppLogo = await getImage({ src: appLogoImg, format: 'webp', width: 64, height: 64 });
[7m  [0m [93m      ~~~~~~~~~~~~~~~~[0m
[96msrc/layouts/DocsLayout.astro[0m:[93m35[0m:[93m7[0m - [93mwarning[0m[90m ts(6133): [0m'dict' is declared but its value is never read.

[7m35[0m const dict = await getDictionary(lang as any);
[7m  [0m [93m      ~~~~[0m

[96msrc/page-templates/AboutPage.astro[0m:[93m37[0m:[93m7[0m - [93mwarning[0m[90m ts(6133): [0m'optimizedAppLogo' is declared but its value is never read.

[7m37[0m const optimizedAppLogo = await getImage({ src: appLogoImg, format: 'webp', width: 64, height: 64 });
[7m  [0m [93m      ~~~~~~~~~~~~~~~~[0m

[96msrc/page-templates/AppsFomogenPage.astro[0m:[93m47[0m:[93m7[0m - [93mwarning[0m[90m ts(6133): [0m'optimizedAppLogo' is declared but its value is never read.

[7m47[0m const optimizedAppLogo = await getImage({ src: appLogoImg, format: 'webp', width: 64, height: 64 });
[7m  [0m [93m      ~~~~~~~~~~~~~~~~[0m

[96msrc/page-templates/AppsFomogenPricingPage.astro[0m:[93m40[0m:[93m13[0m - [91merror[0m[90m ts(2322): [0mType '{ translations: { tagline: string; sections: { solutions: string; resources: string; legal: string; }; links: { fomogen: string; mindfulGuard: string; screenveil: string; ourEcosystem: string; documentation: string; ... 5 more ...; termsOfService: string; }; copyright: string; builtWith: string; }; logoSrc: string; }' is not assignable to type 'IntrinsicAttributes & Props'.
  Property 'translations' does not exist on type 'IntrinsicAttributes & Props'.

[7m40[0m     <Footer translations={dict.footer}  logoSrc={optimizedAppLogo.src} />
[7m  [0m [91m            ~~~~~~~~~~~~[0m

[96msrc/page-templates/AppsMindfulGuardPage.astro[0m:[93m4[0m:[93m1[0m - [93mwarning[0m[90m ts(6133): [0m'appLogoImg' is declared but its value is never read.

[7m4[0m import appLogoImg from '@/assets/logo.png';
[7m [0m [93m~~~~~~~~~~~~~~~~~~~~~~~~~~~~~~~~~~~~~~~~~~~[0m
[96msrc/page-templates/AppsMindfulGuardPage.astro[0m:[93m3[0m:[93m1[0m - [93mwarning[0m[90m ts(6133): [0m'getImage' is declared but its value is never read.

[7m3[0m import { getImage } from 'astro:assets';
[7m [0m [93m~~~~~~~~~~~~~~~~~~~~~~~~~~~~~~~~~~~~~~~~[0m

[96msrc/page-templates/AppsPage.astro[0m:[93m26[0m:[93m7[0m - [93mwarning[0m[90m ts(6133): [0m'optimizedAppLogo' is declared but its value is never read.

[7m26[0m const optimizedAppLogo = await getImage({ src: appLogoImg, format: 'webp', width: 64, height: 64 });
[7m  [0m [93m      ~~~~~~~~~~~~~~~~[0m

[96msrc/page-templates/AppsScreenveilPage.astro[0m:[93m63[0m:[93m13[0m - [91merror[0m[90m ts(2322): [0mType '{ translations: { tagline: string; sections: { solutions: string; resources: string; legal: string; }; links: { fomogen: string; mindfulGuard: string; screenveil: string; ourEcosystem: string; documentation: string; ... 5 more ...; termsOfService: string; }; copyright: string; builtWith: string; }; variant: "dark"; ...' is not assignable to type 'IntrinsicAttributes & Props'.
  Property 'translations' does not exist on type 'IntrinsicAttributes & Props'.

[7m63[0m     <Footer translations={dict.footer} variant="dark"  logoSrc={optimizedAppLogo.src} />
[7m  [0m [91m            ~~~~~~~~~~~~[0m

[96msrc/page-templates/BlogIndexPage.astro[0m:[93m29[0m:[93m7[0m - [93mwarning[0m[90m ts(6133): [0m'optimizedAppLogo' is declared but its value is never read.

[7m29[0m const optimizedAppLogo = await getImage({ src: appLogoImg, format: 'webp', width: 64, height: 64 });
[7m  [0m [93m      ~~~~~~~~~~~~~~~~[0m

[96msrc/page-templates/BlogPostPage.astro[0m:[93m36[0m:[93m7[0m - [93mwarning[0m[90m ts(6133): [0m'optimizedAppLogo' is declared but its value is never read.

[7m36[0m const optimizedAppLogo = await getImage({ src: appLogoImg, format: 'webp', width: 64, height: 64 });
[7m  [0m [93m      ~~~~~~~~~~~~~~~~[0m
[96msrc/page-templates/BlogPostPage.astro[0m:[93m24[0m:[93m7[0m - [93mwarning[0m[90m ts(6133): [0m'dict' is declared but its value is never read.

[7m24[0m const dict = await getDictionary(lang as any);
[7m  [0m [93m      ~~~~[0m

[96msrc/page-templates/CompareDetailPage.astro[0m:[93m37[0m:[93m7[0m - [93mwarning[0m[90m ts(6133): [0m'optimizedAppLogo' is declared but its value is never read.

[7m37[0m const optimizedAppLogo = await getImage({ src: appLogoImg, format: 'webp', width: 64, height: 64 });
[7m  [0m [93m      ~~~~~~~~~~~~~~~~[0m

[96msrc/page-templates/ComparePage.astro[0m:[93m23[0m:[93m7[0m - [93mwarning[0m[90m ts(6133): [0m'optimizedAppLogo' is declared but its value is never read.

[7m23[0m const optimizedAppLogo = await getImage({ src: appLogoImg, format: 'webp', width: 64, height: 64 });
[7m  [0m [93m      ~~~~~~~~~~~~~~~~[0m

[96msrc/page-templates/DigitalWellnessPage.astro[0m:[93m32[0m:[93m7[0m - [93mwarning[0m[90m ts(6133): [0m'optimizedAppLogo' is declared but its value is never read.

[7m32[0m const optimizedAppLogo = await getImage({ src: appLogoImg, format: 'webp', width: 64, height: 64 });
[7m  [0m [93m      ~~~~~~~~~~~~~~~~[0m

[96msrc/page-templates/EcommerceGuidePage.astro[0m:[93m31[0m:[93m7[0m - [93mwarning[0m[90m ts(6133): [0m'optimizedAppLogo' is declared but its value is never read.

[7m31[0m const optimizedAppLogo = await getImage({ src: appLogoImg, format: 'webp', width: 64, height: 64 });
[7m  [0m [93m      ~~~~~~~~~~~~~~~~[0m

[96msrc/page-templates/HomePage.astro[0m:[93m40[0m:[93m7[0m - [93mwarning[0m[90m ts(6133): [0m'optimizedAppLogo' is declared but its value is never read.

[7m40[0m const optimizedAppLogo = await getImage({ src: appLogoImg, format: 'webp', width: 64, height: 64 });
[7m  [0m [93m      ~~~~~~~~~~~~~~~~[0m

[96msrc/page-templates/LegalPage.astro[0m:[93m21[0m:[93m7[0m - [93mwarning[0m[90m ts(6133): [0m'optimizedAppLogo' is declared but its value is never read.

[7m21[0m const optimizedAppLogo = await getImage({ src: appLogoImg, format: 'webp', width: 64, height: 64 });
[7m  [0m [93m      ~~~~~~~~~~~~~~~~[0m
[96msrc/page-templates/LegalPage.astro[0m:[93m19[0m:[93m7[0m - [93mwarning[0m[90m ts(6133): [0m'dict' is declared but its value is never read.

[7m19[0m const dict = await getDictionary(lang as any);
[7m  [0m [93m      ~~~~[0m

[96msrc/page-templates/NotFoundPage.astro[0m:[93m16[0m:[93m7[0m - [93mwarning[0m[90m ts(6133): [0m'optimizedAppLogo' is declared but its value is never read.

[7m16[0m const optimizedAppLogo = await getImage({ src: appLogoImg, format: 'webp', width: 64, height: 64 });
[7m  [0m [93m      ~~~~~~~~~~~~~~~~[0m

Result (175 files): 
- 4 errors
- 0 warnings
- 19 hints

